# JRE version: OpenJDK Runtime Environment Temurin-21.0.5+11 (21.0.5+11) (build 21.0.5+11-LTS)
# Java VM: OpenJDK 64-Bit Server VM Temurin-21.0.5+11 (21.0.5+11-LTS, mixed mode, sharing, tiered, compressed oops, compressed class ptrs, g1 gc, bsd-aarch64)
GC Precious Log:
 CardTable entry size: 512
 Card Set container configuration: InlinePtr #cards 5 size 8 Array Of Cards #cards 12 size 40 Howl #buckets 4 coarsen threshold 1843 Howl Bitmap #cards 512 size 80 coarsen threshold 460 Card regions per heap region 1 cards per card region 2048
 CPUs: 8 total, 8 available
 Memory: 16384M
 Large Page Support: Disabled
 NUMA Support: Disabled
 Compressed Oops: Enabled (Zero based)
 Heap Region Size: 1M
 Heap Min Capacity: 8M
 Heap Initial Capacity: 256M
 Heap Max Capacity: 512M
 Pre-touch: Disabled
 Parallel Workers: 8
 Concurrent Workers: 2
 Concurrent Refinement Workers: 8
 Periodic GC: Disabled
Heap:
 garbage-first heap   total 233472K, used 184094K [0x00000007e0000000, 0x0000000800000000)
  region size 1024K, 105 young (107520K), 10 survivors (10240K)
 Metaspace       used 1612K, committed 1728K, reserved 1114112K
  class space    used 131K, committed 192K, reserved 1048576K
GC Heap History (20 events):
Event: 12655.480 GC heap before
{Heap before GC invocations=7162 (full 0):
 garbage-first heap   total 215040K, used 188633K [0x00000007e0000000, 0x0000000800000000)
  region size 1024K, 126 young (129024K), 11 survivors (11264K)
 Metaspace       used 1606K, committed 1728K, reserved 1114112K
  class space    used 131K, committed 192K, reserved 1048576K
}
Event: 12655.484 GC heap after
{Heap after GC invocations=7163 (full 0):
 garbage-first heap   total 215040K, used 70350K [0x00000007e0000000, 0x0000000800000000)
  region size 1024K, 9 young (9216K), 9 survivors (9216K)
 Metaspace       used 1606K, committed 1728K, reserved 1114112K
  class space    used 131K, committed 192K, reserved 1048576K
}
Event: 12655.549 GC heap before
{Heap before GC invocations=7164 (full 0):
 garbage-first heap   total 215040K, used 190158K [0x00000007e0000000, 0x0000000800000000)
  region size 1024K, 126 young (129024K), 9 survivors (9216K)
 Metaspace       used 1606K, committed 1728K, reserved 1114112K
  class space    used 131K, committed 192K, reserved 1048576K
}
Event: 12655.552 GC heap after
{Heap after GC invocations=7165 (full 0):
 garbage-first heap   total 215040K, used 73015K [0x00000007e0000000, 0x0000000800000000)
  region size 1024K, 12 young (12288K), 12 survivors (12288K)
 Metaspace       used 1606K, committed 1728K, reserved 1114112K
  class space    used 131K, committed 192K, reserved 1048576K
}
Event: 12655.603 GC heap before
{Heap before GC invocations=7165 (full 0):
 garbage-first heap   total 215040K, used 189751K [0x00000007e0000000, 0x0000000800000000)
  region size 1024K, 126 young (129024K), 12 survivors (12288K)
 Metaspace       used 1606K, committed 1728K, reserved 1114112K
  class space    used 131K, committed 192K, reserved 1048576K
}
Event: 12655.607 GC heap after
{Heap after GC invocations=7166 (full 0):
 garbage-first heap   total 215040K, used 72242K [0x00000007e0000000, 0x0000000800000000)
  region size 1024K, 9 young (9216K), 9 survivors (9216K)
 Metaspace       used 1606K, committed 1728K, reserved 1114112K
  class space    used 131K, committed 192K, reserved 1048576K
}
Event: 12655.664 GC heap before
{Heap before GC invocations=7166 (full 0):
 garbage-first heap   total 215040K, used 192050K [0x00000007e0000000, 0x0000000800000000)
  region size 1024K, 126 young (129024K), 9 survivors (9216K)
 Metaspace       used 1606K, committed 1728K, reserved 1114112K
  class space    used 131K, committed 192K, reserved 1048576K
}
Event: 12655.668 GC heap after
{Heap after GC invocations=7167 (full 0):
 garbage-first heap   total 215040K, used 74723K [0x00000007e0000000, 0x0000000800000000)
  region size 1024K, 10 young (10240K), 10 survivors (10240K)
 Metaspace       used 1606K, committed 1728K, reserved 1114112K
  class space    used 131K, committed 192K, reserved 1048576K
}
Event: 12655.733 GC heap before
{Heap before GC invocations=7168 (full 0):
 garbage-first heap   total 215040K, used 192483K [0x00000007e0000000, 0x0000000800000000)
  region size 1024K, 125 young (128000K), 10 survivors (10240K)
 Metaspace       used 1606K, committed 1728K, reserved 1114112K
  class space    used 131K, committed 192K, reserved 1048576K
}
Event: 12655.736 GC heap after
{Heap after GC invocations=7169 (full 0):
 garbage-first heap   total 215040K, used 75975K [0x00000007e0000000, 0x0000000800000000)
  region size 1024K, 10 young (10240K), 10 survivors (10240K)
 Metaspace       used 1606K, committed 1728K, reserved 1114112K
  class space    used 131K, committed 192K, reserved 1048576K
}
Event: 12655.791 GC heap before
{Heap before GC invocations=7169 (full 0):
 garbage-first heap   total 215040K, used 192711K [0x00000007e0000000, 0x0000000800000000)
  region size 1024K, 124 young (126976K), 10 survivors (10240K)
 Metaspace       used 1606K, committed 1728K, reserved 1114112K
  class space    used 131K, committed 192K, reserved 1048576K
}
Event: 12655.795 GC heap after
{Heap after GC invocations=7170 (full 0):
 garbage-first heap   total 233472K, used 76059K [0x00000007e0000000, 0x0000000800000000)
  region size 1024K, 10 young (10240K), 10 survivors (10240K)
 Metaspace       used 1606K, committed 1728K, reserved 1114112K
  class space    used 131K, committed 192K, reserved 1048576K
}
Event: 12655.853 GC heap before
{Heap before GC invocations=7170 (full 0):
 garbage-first heap   total 233472K, used 205083K [0x00000007e0000000, 0x0000000800000000)
  region size 1024K, 136 young (139264K), 10 survivors (10240K)
 Metaspace       used 1606K, committed 1728K, reserved 1114112K
  class space    used 131K, committed 192K, reserved 1048576K
}
Event: 12655.856 GC heap after
{Heap after GC invocations=7171 (full 0):
 garbage-first heap   total 233472K, used 76576K [0x00000007e0000000, 0x0000000800000000)
  region size 1024K, 9 young (9216K), 9 survivors (9216K)
 Metaspace       used 1606K, committed 1728K, reserved 1114112K
  class space    used 131K, committed 192K, reserved 1048576K
}
Event: 12655.915 GC heap before
{Heap before GC invocations=7171 (full 0):
 garbage-first heap   total 233472K, used 206624K [0x00000007e0000000, 0x0000000800000000)
  region size 1024K, 136 young (139264K), 9 survivors (9216K)
 Metaspace       used 1606K, committed 1728K, reserved 1114112K
  class space    used 131K, committed 192K, reserved 1048576K
}
Event: 12655.920 GC heap after
{Heap after GC invocations=7172 (full 0):
 garbage-first heap   total 233472K, used 79281K [0x00000007e0000000, 0x0000000800000000)
  region size 1024K, 11 young (11264K), 11 survivors (11264K)
 Metaspace       used 1606K, committed 1728K, reserved 1114112K
  class space    used 131K, committed 192K, reserved 1048576K
}
Event: 12655.976 GC heap before
{Heap before GC invocations=7172 (full 0):
 garbage-first heap   total 233472K, used 207281K [0x00000007e0000000, 0x0000000800000000)
  region size 1024K, 136 young (139264K), 11 survivors (11264K)
 Metaspace       used 1606K, committed 1728K, reserved 1114112K
  class space    used 131K, committed 192K, reserved 1048576K
}
Event: 12655.982 GC heap after
{Heap after GC invocations=7173 (full 0):
 garbage-first heap   total 233472K, used 80731K [0x00000007e0000000, 0x0000000800000000)
  region size 1024K, 10 young (10240K), 10 survivors (10240K)
 Metaspace       used 1606K, committed 1728K, reserved 1114112K
  class space    used 131K, committed 192K, reserved 1048576K
}
Event: 12656.053 GC heap before
{Heap before GC invocations=7174 (full 0):
 garbage-first heap   total 233472K, used 209755K [0x00000007e0000000, 0x0000000800000000)
  region size 1024K, 136 young (139264K), 10 survivors (10240K)
 Metaspace       used 1606K, committed 1728K, reserved 1114112K
  class space    used 131K, committed 192K, reserved 1048576K
}
Event: 12656.055 GC heap after
{Heap after GC invocations=7175 (full 0):
 garbage-first heap   total 233472K, used 82718K [0x00000007e0000000, 0x0000000800000000)
  region size 1024K, 10 young (10240K), 10 survivors (10240K)
 Metaspace       used 1606K, committed 1728K, reserved 1114112K
  class space    used 131K, committed 192K, reserved 1048576K
}

